# JRE version: OpenJDK Runtime Environment Temurin-21.0.8+9 (21.0.8+9) (build 21.0.8+9-LTS)
# Java VM: OpenJDK 64-Bit Server VM Temurin-21.0.8+9 (21.0.8+9-LTS, mixed mode, sharing, tiered, compressed oops, compressed class ptrs, parallel gc, windows-amd64)
GC Precious Log:
 CardTable entry size: 512
 CPUs: 8 total, 8 available
 Memory: 16243M
 Large Page Support: Disabled
 NUMA Support: Disabled
 Compressed Oops: Enabled (32-bit)
 Alignments: Space 512K, Generation 512K, Heap 2M
 Heap Min Capacity: 100M
 Heap Initial Capacity: 100M
 Heap Max Capacity: 2G
 Pre-touch: Disabled
 Parallel Workers: 8
Heap:
 PSYoungGen      total 7680K, used 2491K [0x00000000d5580000, 0x00000000d6480000, 0x0000000100000000)
  eden space 7168K, 32% used [0x00000000d5580000,0x00000000d57bee38,0x00000000d5c80000)
  from space 512K, 37% used [0x00000000d6400000,0x00000000d6430000,0x00000000d6480000)
  to   space 512K, 0% used [0x00000000d6300000,0x00000000d6300000,0x00000000d6380000)
 ParOldGen       total 1233920K, used 1233792K [0x0000000080000000, 0x00000000cb500000, 0x00000000d5580000)
  object space 1233920K, 99% used [0x0000000080000000,0x00000000cb4e0328,0x00000000cb500000)
 Metaspace       used 99315K, committed 101184K, reserved 1179648K
  class space    used 10037K, committed 11008K, reserved 1048576K
GC Heap History (20 events):
Event: 2606.122 GC heap before
{Heap before GC invocations=4278 (full 6):
 PSYoungGen      total 8192K, used 8000K [0x00000000d5580000, 0x00000000d6780000, 0x0000000100000000)
  eden space 7168K, 100% used [0x00000000d5580000,0x00000000d5c80000,0x00000000d5c80000)
  from space 1024K, 81% used [0x00000000d6680000,0x00000000d6750020,0x00000000d6780000)
  to   space 4096K, 0% used [0x00000000d5f80000,0x00000000d5f80000,0x00000000d6380000)
 ParOldGen       total 1228800K, used 1228403K [0x0000000080000000, 0x00000000cb000000, 0x00000000d5580000)
  object space 1228800K, 99% used [0x0000000080000000,0x00000000caf9cee8,0x00000000cb000000)
 Metaspace       used 99302K, committed 101120K, reserved 1179648K
  class space    used 10037K, committed 11008K, reserved 1048576K
}
Event: 2606.126 GC heap after
{Heap after GC invocations=4278 (full 6):
 PSYoungGen      total 11264K, used 628K [0x00000000d5580000, 0x00000000d6700000, 0x0000000100000000)
  eden space 7168K, 0% used [0x00000000d5580000,0x00000000d5580000,0x00000000d5c80000)
  from space 4096K, 15% used [0x00000000d5f80000,0x00000000d601d200,0x00000000d6380000)
  to   space 1536K, 0% used [0x00000000d6580000,0x00000000d6580000,0x00000000d6700000)
 ParOldGen       total 1229312K, used 1229003K [0x0000000080000000, 0x00000000cb080000, 0x00000000d5580000)
  object space 1229312K, 99% used [0x0000000080000000,0x00000000cb032ee8,0x00000000cb080000)
 Metaspace       used 99302K, committed 101120K, reserved 1179648K
  class space    used 10037K, committed 11008K, reserved 1048576K
}
Event: 2606.139 GC heap before
{Heap before GC invocations=4279 (full 6):
 PSYoungGen      total 11264K, used 7796K [0x00000000d5580000, 0x00000000d6700000, 0x0000000100000000)
  eden space 7168K, 100% used [0x00000000d5580000,0x00000000d5c80000,0x00000000d5c80000)
  from space 4096K, 15% used [0x00000000d5f80000,0x00000000d601d200,0x00000000d6380000)
  to   space 1536K, 0% used [0x00000000d6580000,0x00000000d6580000,0x00000000d6700000)
 ParOldGen       total 1229312K, used 1229003K [0x0000000080000000, 0x00000000cb080000, 0x00000000d5580000)
  object space 1229312K, 99% used [0x0000000080000000,0x00000000cb032ee8,0x00000000cb080000)
 Metaspace       used 99304K, committed 101120K, reserved 1179648K
  class space    used 10037K, committed 11008K, reserved 1048576K
}
Event: 2606.142 GC heap after
{Heap after GC invocations=4279 (full 6):
 PSYoungGen      total 8192K, used 836K [0x00000000d5580000, 0x00000000d6680000, 0x0000000100000000)
  eden space 7168K, 0% used [0x00000000d5580000,0x00000000d5580000,0x00000000d5c80000)
  from space 1024K, 81% used [0x00000000d6580000,0x00000000d6651210,0x00000000d6680000)
  to   space 1024K, 0% used [0x00000000d6480000,0x00000000d6480000,0x00000000d6580000)
 ParOldGen       total 1229824K, used 1229544K [0x0000000080000000, 0x00000000cb100000, 0x00000000d5580000)
  object space 1229824K, 99% used [0x0000000080000000,0x00000000cb0ba0f8,0x00000000cb100000)
 Metaspace       used 99304K, committed 101120K, reserved 1179648K
  class space    used 10037K, committed 11008K, reserved 1048576K
}
Event: 2606.369 GC heap before
{Heap before GC invocations=4280 (full 6):
 PSYoungGen      total 8192K, used 8004K [0x00000000d5580000, 0x00000000d6680000, 0x0000000100000000)
  eden space 7168K, 100% used [0x00000000d5580000,0x00000000d5c80000,0x00000000d5c80000)
  from space 1024K, 81% used [0x00000000d6580000,0x00000000d6651210,0x00000000d6680000)
  to   space 1024K, 0% used [0x00000000d6480000,0x00000000d6480000,0x00000000d6580000)
 ParOldGen       total 1229824K, used 1229544K [0x0000000080000000, 0x00000000cb100000, 0x00000000d5580000)
  object space 1229824K, 99% used [0x0000000080000000,0x00000000cb0ba0f8,0x00000000cb100000)
 Metaspace       used 99305K, committed 101120K, reserved 1179648K
  class space    used 10037K, committed 11008K, reserved 1048576K
}
Event: 2606.373 GC heap after
{Heap after GC invocations=4280 (full 6):
 PSYoungGen      total 8192K, used 256K [0x00000000d5580000, 0x00000000d6600000, 0x0000000100000000)
  eden space 7168K, 0% used [0x00000000d5580000,0x00000000d5580000,0x00000000d5c80000)
  from space 1024K, 25% used [0x00000000d6480000,0x00000000d64c0000,0x00000000d6580000)
  to   space 512K, 0% used [0x00000000d6580000,0x00000000d6580000,0x00000000d6600000)
 ParOldGen       total 1230336K, used 1229888K [0x0000000080000000, 0x00000000cb180000, 0x00000000d5580000)
  object space 1230336K, 99% used [0x0000000080000000,0x00000000cb1100f8,0x00000000cb180000)
 Metaspace       used 99305K, committed 101120K, reserved 1179648K
  class space    used 10037K, committed 11008K, reserved 1048576K
}
Event: 2606.385 GC heap before
{Heap before GC invocations=4281 (full 6):
 PSYoungGen      total 8192K, used 7424K [0x00000000d5580000, 0x00000000d6600000, 0x0000000100000000)
  eden space 7168K, 100% used [0x00000000d5580000,0x00000000d5c80000,0x00000000d5c80000)
  from space 1024K, 25% used [0x00000000d6480000,0x00000000d64c0000,0x00000000d6580000)
  to   space 512K, 0% used [0x00000000d6580000,0x00000000d6580000,0x00000000d6600000)
 ParOldGen       total 1230336K, used 1229888K [0x0000000080000000, 0x00000000cb180000, 0x00000000d5580000)
  object space 1230336K, 99% used [0x0000000080000000,0x00000000cb1100f8,0x00000000cb180000)
 Metaspace       used 99305K, committed 101120K, reserved 1179648K
  class space    used 10037K, committed 11008K, reserved 1048576K
}
Event: 2606.389 GC heap after
{Heap after GC invocations=4281 (full 6):
 PSYoungGen      total 7680K, used 192K [0x00000000d5580000, 0x00000000d6600000, 0x0000000100000000)
  eden space 7168K, 0% used [0x00000000d5580000,0x00000000d5580000,0x00000000d5c80000)
  from space 512K, 37% used [0x00000000d6580000,0x00000000d65b0000,0x00000000d6600000)
  to   space 512K, 0% used [0x00000000d6500000,0x00000000d6500000,0x00000000d6580000)
 ParOldGen       total 1230336K, used 1229976K [0x0000000080000000, 0x00000000cb180000, 0x00000000d5580000)
  object space 1230336K, 99% used [0x0000000080000000,0x00000000cb1260f8,0x00000000cb180000)
 Metaspace       used 99305K, committed 101120K, reserved 1179648K
  class space    used 10037K, committed 11008K, reserved 1048576K
}
Event: 2606.534 GC heap before
{Heap before GC invocations=4282 (full 6):
 PSYoungGen      total 7680K, used 7360K [0x00000000d5580000, 0x00000000d6600000, 0x0000000100000000)
  eden space 7168K, 100% used [0x00000000d5580000,0x00000000d5c80000,0x00000000d5c80000)
  from space 512K, 37% used [0x00000000d6580000,0x00000000d65b0000,0x00000000d6600000)
  to   space 512K, 0% used [0x00000000d6500000,0x00000000d6500000,0x00000000d6580000)
 ParOldGen       total 1230336K, used 1229976K [0x0000000080000000, 0x00000000cb180000, 0x00000000d5580000)
  object space 1230336K, 99% used [0x0000000080000000,0x00000000cb1260f8,0x00000000cb180000)
 Metaspace       used 99305K, committed 101120K, reserved 1179648K
  class space    used 10037K, committed 11008K, reserved 1048576K
}
Event: 2606.539 GC heap after
{Heap after GC invocations=4282 (full 6):
 PSYoungGen      total 7680K, used 505K [0x00000000d5580000, 0x00000000d6600000, 0x0000000100000000)
  eden space 7168K, 0% used [0x00000000d5580000,0x00000000d5580000,0x00000000d5c80000)
  from space 512K, 98% used [0x00000000d6500000,0x00000000d657e410,0x00000000d6580000)
  to   space 512K, 0% used [0x00000000d6580000,0x00000000d6580000,0x00000000d6600000)
 ParOldGen       total 1230336K, used 1230216K [0x0000000080000000, 0x00000000cb180000, 0x00000000d5580000)
  object space 1230336K, 99% used [0x0000000080000000,0x00000000cb162108,0x00000000cb180000)
 Metaspace       used 99305K, committed 101120K, reserved 1179648K
  class space    used 10037K, committed 11008K, reserved 1048576K
}
Event: 2606.552 GC heap before
{Heap before GC invocations=4283 (full 6):
 PSYoungGen      total 7680K, used 7673K [0x00000000d5580000, 0x00000000d6600000, 0x0000000100000000)
  eden space 7168K, 100% used [0x00000000d5580000,0x00000000d5c80000,0x00000000d5c80000)
  from space 512K, 98% used [0x00000000d6500000,0x00000000d657e410,0x00000000d6580000)
  to   space 512K, 0% used [0x00000000d6580000,0x00000000d6580000,0x00000000d6600000)
 ParOldGen       total 1230336K, used 1230216K [0x0000000080000000, 0x00000000cb180000, 0x00000000d5580000)
  object space 1230336K, 99% used [0x0000000080000000,0x00000000cb162108,0x00000000cb180000)
 Metaspace       used 99311K, committed 101184K, reserved 1179648K
  class space    used 10037K, committed 11008K, reserved 1048576K
}
Event: 2606.557 GC heap after
{Heap after GC invocations=4283 (full 6):
 PSYoungGen      total 7680K, used 500K [0x00000000d5580000, 0x00000000d6600000, 0x0000000100000000)
  eden space 7168K, 0% used [0x00000000d5580000,0x00000000d5580000,0x00000000d5c80000)
  from space 512K, 97% used [0x00000000d6580000,0x00000000d65fd200,0x00000000d6600000)
  to   space 2048K, 0% used [0x00000000d6200000,0x00000000d6200000,0x00000000d6400000)
 ParOldGen       total 1231360K, used 1231309K [0x0000000080000000, 0x00000000cb280000, 0x00000000d5580000)
  object space 1231360K, 99% used [0x0000000080000000,0x00000000cb273568,0x00000000cb280000)
 Metaspace       used 99311K, committed 101184K, reserved 1179648K
  class space    used 10037K, committed 11008K, reserved 1048576K
}
Event: 2606.567 GC heap before
{Heap before GC invocations=4284 (full 6):
 PSYoungGen      total 7680K, used 7668K [0x00000000d5580000, 0x00000000d6600000, 0x0000000100000000)
  eden space 7168K, 100% used [0x00000000d5580000,0x00000000d5c80000,0x00000000d5c80000)
  from space 512K, 97% used [0x00000000d6580000,0x00000000d65fd200,0x00000000d6600000)
  to   space 2048K, 0% used [0x00000000d6200000,0x00000000d6200000,0x00000000d6400000)
 ParOldGen       total 1231360K, used 1231309K [0x0000000080000000, 0x00000000cb280000, 0x00000000d5580000)
  object space 1231360K, 99% used [0x0000000080000000,0x00000000cb273568,0x00000000cb280000)
 Metaspace       used 99311K, committed 101184K, reserved 1179648K
  class space    used 10037K, committed 11008K, reserved 1048576K
}
Event: 2606.571 GC heap after
{Heap after GC invocations=4284 (full 6):
 PSYoungGen      total 9216K, used 916K [0x00000000d5580000, 0x00000000d6600000, 0x0000000100000000)
  eden space 7168K, 0% used [0x00000000d5580000,0x00000000d5580000,0x00000000d5c80000)
  from space 2048K, 44% used [0x00000000d6200000,0x00000000d62e5200,0x00000000d6400000)
  to   space 1536K, 0% used [0x00000000d6480000,0x00000000d6480000,0x00000000d6600000)
 ParOldGen       total 1231872K, used 1231846K [0x0000000080000000, 0x00000000cb300000, 0x00000000d5580000)
  object space 1231872K, 99% used [0x0000000080000000,0x00000000cb2f9a40,0x00000000cb300000)
 Metaspace       used 99311K, committed 101184K, reserved 1179648K
  class space    used 10037K, committed 11008K, reserved 1048576K
}
Event: 2606.698 GC heap before
{Heap before GC invocations=4285 (full 6):
 PSYoungGen      total 9216K, used 8084K [0x00000000d5580000, 0x00000000d6600000, 0x0000000100000000)
  eden space 7168K, 100% used [0x00000000d5580000,0x00000000d5c80000,0x00000000d5c80000)
  from space 2048K, 44% used [0x00000000d6200000,0x00000000d62e5200,0x00000000d6400000)
  to   space 1536K, 0% used [0x00000000d6480000,0x00000000d6480000,0x00000000d6600000)
 ParOldGen       total 1231872K, used 1231846K [0x0000000080000000, 0x00000000cb300000, 0x00000000d5580000)
  object space 1231872K, 99% used [0x0000000080000000,0x00000000cb2f9a40,0x00000000cb300000)
 Metaspace       used 99311K, committed 101184K, reserved 1179648K
  class space    used 10037K, committed 11008K, reserved 1048576K
}
Event: 2606.701 GC heap after
{Heap after GC invocations=4285 (full 6):
 PSYoungGen      total 8704K, used 1249K [0x00000000d5580000, 0x00000000d6600000, 0x0000000100000000)
  eden space 7168K, 0% used [0x00000000d5580000,0x00000000d5580000,0x00000000d5c80000)
  from space 1536K, 81% used [0x00000000d6480000,0x00000000d65b8450,0x00000000d6600000)
  to   space 1536K, 0% used [0x00000000d6300000,0x00000000d6300000,0x00000000d6480000)
 ParOldGen       total 1232896K, used 1232595K [0x0000000080000000, 0x00000000cb400000, 0x00000000d5580000)
  object space 1232896K, 99% used [0x0000000080000000,0x00000000cb3b4c50,0x00000000cb400000)
 Metaspace       used 99311K, committed 101184K, reserved 1179648K
  class space    used 10037K, committed 11008K, reserved 1048576K
}
Event: 2615.001 GC heap before
{Heap before GC invocations=4286 (full 6):
 PSYoungGen      total 8704K, used 8417K [0x00000000d5580000, 0x00000000d6600000, 0x0000000100000000)
  eden space 7168K, 100% used [0x00000000d5580000,0x00000000d5c80000,0x00000000d5c80000)
  from space 1536K, 81% used [0x00000000d6480000,0x00000000d65b8450,0x00000000d6600000)
  to   space 1536K, 0% used [0x00000000d6300000,0x00000000d6300000,0x00000000d6480000)
 ParOldGen       total 1232896K, used 1232595K [0x0000000080000000, 0x00000000cb400000, 0x00000000d5580000)
  object space 1232896K, 99% used [0x0000000080000000,0x00000000cb3b4c50,0x00000000cb400000)
 Metaspace       used 99312K, committed 101184K, reserved 1179648K
  class space    used 10037K, committed 11008K, reserved 1048576K
}
Event: 2615.005 GC heap after
{Heap after GC invocations=4286 (full 6):
 PSYoungGen      total 7680K, used 250K [0x00000000d5580000, 0x00000000d6500000, 0x0000000100000000)
  eden space 7168K, 0% used [0x00000000d5580000,0x00000000d5580000,0x00000000d5c80000)
  from space 512K, 48% used [0x00000000d6300000,0x00000000d633e900,0x00000000d6380000)
  to   space 1024K, 0% used [0x00000000d6400000,0x00000000d6400000,0x00000000d6500000)
 ParOldGen       total 1233920K, used 1233752K [0x0000000080000000, 0x00000000cb500000, 0x00000000d5580000)
  object space 1233920K, 99% used [0x0000000080000000,0x00000000cb4d6328,0x00000000cb500000)
 Metaspace       used 99312K, committed 101184K, reserved 1179648K
  class space    used 10037K, committed 11008K, reserved 1048576K
}
Event: 2615.016 GC heap before
{Heap before GC invocations=4287 (full 6):
 PSYoungGen      total 7680K, used 7418K [0x00000000d5580000, 0x00000000d6500000, 0x0000000100000000)
  eden space 7168K, 100% used [0x00000000d5580000,0x00000000d5c80000,0x00000000d5c80000)
  from space 512K, 48% used [0x00000000d6300000,0x00000000d633e900,0x00000000d6380000)
  to   space 1024K, 0% used [0x00000000d6400000,0x00000000d6400000,0x00000000d6500000)
 ParOldGen       total 1233920K, used 1233752K [0x0000000080000000, 0x00000000cb500000, 0x00000000d5580000)
  object space 1233920K, 99% used [0x0000000080000000,0x00000000cb4d6328,0x00000000cb500000)
 Metaspace       used 99312K, committed 101184K, reserved 1179648K
  class space    used 10037K, committed 11008K, reserved 1048576K
}
Event: 2615.020 GC heap after
{Heap after GC invocations=4287 (full 6):
 PSYoungGen      total 7680K, used 192K [0x00000000d5580000, 0x00000000d6480000, 0x0000000100000000)
  eden space 7168K, 0% used [0x00000000d5580000,0x00000000d5580000,0x00000000d5c80000)
  from space 512K, 37% used [0x00000000d6400000,0x00000000d6430000,0x00000000d6480000)
  to   space 512K, 0% used [0x00000000d6300000,0x00000000d6300000,0x00000000d6380000)
 ParOldGen       total 1233920K, used 1233792K [0x0000000080000000, 0x00000000cb500000, 0x00000000d5580000)
  object space 1233920K, 99% used [0x0000000080000000,0x00000000cb4e0328,0x00000000cb500000)
 Metaspace       used 99312K, committed 101184K, reserved 1179648K
  class space    used 10037K, committed 11008K, reserved 1048576K
}

