# JRE version: Java(TM) SE Runtime Environment (21.0.6+8) (build 21.0.6+8-LTS-188)
# Java VM: Java HotSpot(TM) 64-Bit Server VM (21.0.6+8-LTS-188, mixed mode, sharing, tiered, compressed oops, compressed class ptrs, g1 gc, windows-amd64)
GC Precious Log:
 CardTable entry size: 512
 Card Set container configuration: InlinePtr #cards 4 size 8 Array Of Cards #cards 16 size 48 Howl #buckets 8 coarsen threshold 3686 Howl Bitmap #cards 512 size 80 coarsen threshold 460 Card regions per heap region 1 cards per card region 4096
 CPUs: 8 total, 8 available
 Memory: 16243M
 Large Page Support: Disabled
 NUMA Support: Disabled
 Compressed Oops: Enabled (Zero based)
 Heap Region Size: 2M
 Heap Min Capacity: 8M
 Heap Initial Capacity: 254M
 Heap Max Capacity: 4062M
 Pre-touch: Disabled
 Parallel Workers: 8
 Concurrent Workers: 2
 Concurrent Refinement Workers: 8
 Periodic GC: Disabled
Heap:
 garbage-first heap   total 81920K, used 42169K [0x0000000702200000, 0x0000000800000000)
  region size 2048K, 5 young (10240K), 2 survivors (4096K)
 Metaspace       used 74858K, committed 75712K, reserved 1114112K
  class space    used 9967K, committed 10368K, reserved 1048576K
GC Heap History (20 events):
Event: 796.201 GC heap after
{Heap after GC invocations=17 (full 1):
 garbage-first heap   total 81920K, used 33556K [0x0000000702200000, 0x0000000800000000)
  region size 2048K, 2 young (4096K), 2 survivors (4096K)
 Metaspace       used 72220K, committed 73088K, reserved 1114112K
  class space    used 9818K, committed 10240K, reserved 1048576K
}
Event: 796.731 GC heap before
{Heap before GC invocations=18 (full 1):
 garbage-first heap   total 81920K, used 66324K [0x0000000702200000, 0x0000000800000000)
  region size 2048K, 19 young (38912K), 2 survivors (4096K)
 Metaspace       used 72910K, committed 73728K, reserved 1114112K
  class space    used 9867K, committed 10240K, reserved 1048576K
}
Event: 796.735 GC heap after
{Heap after GC invocations=19 (full 1):
 garbage-first heap   total 81920K, used 35864K [0x0000000702200000, 0x0000000800000000)
  region size 2048K, 2 young (4096K), 2 survivors (4096K)
 Metaspace       used 72910K, committed 73728K, reserved 1114112K
  class space    used 9867K, committed 10240K, reserved 1048576K
}
Event: 797.024 GC heap before
{Heap before GC invocations=19 (full 1):
 garbage-first heap   total 81920K, used 68632K [0x0000000702200000, 0x0000000800000000)
  region size 2048K, 18 young (36864K), 2 survivors (4096K)
 Metaspace       used 73162K, committed 74048K, reserved 1114112K
  class space    used 9881K, committed 10304K, reserved 1048576K
}
Event: 797.028 GC heap after
{Heap after GC invocations=20 (full 1):
 garbage-first heap   total 81920K, used 37426K [0x0000000702200000, 0x0000000800000000)
  region size 2048K, 2 young (4096K), 2 survivors (4096K)
 Metaspace       used 73162K, committed 74048K, reserved 1114112K
  class space    used 9881K, committed 10304K, reserved 1048576K
}
Event: 814.938 GC heap before
{Heap before GC invocations=20 (full 1):
 garbage-first heap   total 81920K, used 53810K [0x0000000702200000, 0x0000000800000000)
  region size 2048K, 11 young (22528K), 2 survivors (4096K)
 Metaspace       used 73203K, committed 74048K, reserved 1114112K
  class space    used 9883K, committed 10304K, reserved 1048576K
}
Event: 814.991 GC heap after
{Heap after GC invocations=21 (full 2):
 garbage-first heap   total 81920K, used 30183K [0x0000000702200000, 0x0000000800000000)
  region size 2048K, 0 young (0K), 0 survivors (0K)
 Metaspace       used 73200K, committed 74048K, reserved 1114112K
  class space    used 9883K, committed 10304K, reserved 1048576K
}
Event: 815.347 GC heap before
{Heap before GC invocations=21 (full 2):
 garbage-first heap   total 81920K, used 69095K [0x0000000702200000, 0x0000000800000000)
  region size 2048K, 19 young (38912K), 0 survivors (0K)
 Metaspace       used 73427K, committed 74240K, reserved 1114112K
  class space    used 9896K, committed 10304K, reserved 1048576K
}
Event: 815.351 GC heap after
{Heap after GC invocations=22 (full 2):
 garbage-first heap   total 81920K, used 34388K [0x0000000702200000, 0x0000000800000000)
  region size 2048K, 3 young (6144K), 3 survivors (6144K)
 Metaspace       used 73427K, committed 74240K, reserved 1114112K
  class space    used 9896K, committed 10304K, reserved 1048576K
}
Event: 815.696 GC heap before
{Heap before GC invocations=23 (full 2):
 garbage-first heap   total 81920K, used 63060K [0x0000000702200000, 0x0000000800000000)
  region size 2048K, 18 young (36864K), 3 survivors (6144K)
 Metaspace       used 73742K, committed 74560K, reserved 1114112K
  class space    used 9908K, committed 10304K, reserved 1048576K
}
Event: 815.700 GC heap after
{Heap after GC invocations=24 (full 2):
 garbage-first heap   total 81920K, used 36194K [0x0000000702200000, 0x0000000800000000)
  region size 2048K, 2 young (4096K), 2 survivors (4096K)
 Metaspace       used 73742K, committed 74560K, reserved 1114112K
  class space    used 9908K, committed 10304K, reserved 1048576K
}
Event: 815.890 GC heap before
{Heap before GC invocations=24 (full 2):
 garbage-first heap   total 81920K, used 66914K [0x0000000702200000, 0x0000000800000000)
  region size 2048K, 17 young (34816K), 2 survivors (4096K)
 Metaspace       used 74020K, committed 74880K, reserved 1114112K
  class space    used 9926K, committed 10304K, reserved 1048576K
}
Event: 815.893 GC heap after
{Heap after GC invocations=25 (full 2):
 garbage-first heap   total 81920K, used 37670K [0x0000000702200000, 0x0000000800000000)
  region size 2048K, 2 young (4096K), 2 survivors (4096K)
 Metaspace       used 74020K, committed 74880K, reserved 1114112K
  class space    used 9926K, committed 10304K, reserved 1048576K
}
Event: 869.548 GC heap before
{Heap before GC invocations=25 (full 2):
 garbage-first heap   total 81920K, used 60198K [0x0000000702200000, 0x0000000800000000)
  region size 2048K, 14 young (28672K), 2 survivors (4096K)
 Metaspace       used 74058K, committed 74944K, reserved 1114112K
  class space    used 9927K, committed 10304K, reserved 1048576K
}
Event: 869.598 GC heap after
{Heap after GC invocations=26 (full 3):
 garbage-first heap   total 81920K, used 30538K [0x0000000702200000, 0x0000000800000000)
  region size 2048K, 0 young (0K), 0 survivors (0K)
 Metaspace       used 74056K, committed 74944K, reserved 1114112K
  class space    used 9927K, committed 10304K, reserved 1048576K
}
Event: 870.339 GC heap before
{Heap before GC invocations=26 (full 3):
 garbage-first heap   total 81920K, used 69450K [0x0000000702200000, 0x0000000800000000)
  region size 2048K, 19 young (38912K), 0 survivors (0K)
 Metaspace       used 74277K, committed 75136K, reserved 1114112K
  class space    used 9940K, committed 10368K, reserved 1048576K
}
Event: 870.343 GC heap after
{Heap after GC invocations=27 (full 3):
 garbage-first heap   total 81920K, used 34729K [0x0000000702200000, 0x0000000800000000)
  region size 2048K, 3 young (6144K), 3 survivors (6144K)
 Metaspace       used 74277K, committed 75136K, reserved 1114112K
  class space    used 9940K, committed 10368K, reserved 1048576K
}
Event: 870.924 GC heap before
{Heap before GC invocations=27 (full 3):
 garbage-first heap   total 81920K, used 65449K [0x0000000702200000, 0x0000000800000000)
  region size 2048K, 19 young (38912K), 3 survivors (6144K)
 Metaspace       used 74649K, committed 75520K, reserved 1114112K
  class space    used 9952K, committed 10368K, reserved 1048576K
}
Event: 870.928 GC heap after
{Heap after GC invocations=28 (full 3):
 garbage-first heap   total 81920K, used 36896K [0x0000000702200000, 0x0000000800000000)
  region size 2048K, 2 young (4096K), 2 survivors (4096K)
 Metaspace       used 74649K, committed 75520K, reserved 1114112K
  class space    used 9952K, committed 10368K, reserved 1048576K
}
Event: 872.154 GC heap before
{Heap before GC invocations=28 (full 3):
 garbage-first heap   total 81920K, used 69664K [0x0000000702200000, 0x0000000800000000)
  region size 2048K, 18 young (36864K), 2 survivors (4096K)
 Metaspace       used 74842K, committed 75712K, reserved 1114112K
  class space    used 9966K, committed 10368K, reserved 1048576K
}

