# JRE version: Java(TM) SE Runtime Environment (21.0.6+8) (build 21.0.6+8-LTS-188)
# Java VM: Java HotSpot(TM) 64-Bit Server VM (21.0.6+8-LTS-188, mixed mode, sharing, tiered, compressed oops, compressed class ptrs, g1 gc, windows-amd64)
GC Precious Log:
 CardTable entry size: 512
 Card Set container configuration: InlinePtr #cards 4 size 8 Array Of Cards #cards 16 size 48 Howl #buckets 8 coarsen threshold 3686 Howl Bitmap #cards 512 size 80 coarsen threshold 460 Card regions per heap region 1 cards per card region 4096
 CPUs: 8 total, 8 available
 Memory: 16243M
 Large Page Support: Disabled
 NUMA Support: Disabled
 Compressed Oops: Enabled (Zero based)
 Heap Region Size: 2M
 Heap Min Capacity: 8M
 Heap Initial Capacity: 254M
 Heap Max Capacity: 4062M
 Pre-touch: Disabled
 Parallel Workers: 8
 Concurrent Workers: 2
 Concurrent Refinement Workers: 8
 Periodic GC: Disabled
Heap:
 garbage-first heap   total 122880K, used 71822K [0x0000000702200000, 0x0000000800000000)
  region size 2048K, 20 young (40960K), 0 survivors (0K)
 Metaspace       used 82901K, committed 83840K, reserved 1179648K
  class space    used 11038K, committed 11456K, reserved 1048576K
GC Heap History (20 events):
Event: 237.924 GC heap before
{Heap before GC invocations=19 (full 0):
 garbage-first heap   total 122880K, used 43613K [0x0000000702200000, 0x0000000800000000)
  region size 2048K, 8 young (16384K), 4 survivors (8192K)
 Metaspace       used 78827K, committed 79680K, reserved 1179648K
  class space    used 10778K, committed 11136K, reserved 1048576K
}
Event: 237.982 GC heap after
{Heap after GC invocations=20 (full 1):
 garbage-first heap   total 122880K, used 31290K [0x0000000702200000, 0x0000000800000000)
  region size 2048K, 0 young (0K), 0 survivors (0K)
 Metaspace       used 78827K, committed 79680K, reserved 1179648K
  class space    used 10778K, committed 11136K, reserved 1048576K
}
Event: 239.114 GC heap before
{Heap before GC invocations=20 (full 1):
 garbage-first heap   total 122880K, used 96826K [0x0000000702200000, 0x0000000800000000)
  region size 2048K, 33 young (67584K), 0 survivors (0K)
 Metaspace       used 79420K, committed 80256K, reserved 1179648K
  class space    used 10803K, committed 11136K, reserved 1048576K
}
Event: 239.118 GC heap after
{Heap after GC invocations=21 (full 1):
 garbage-first heap   total 122880K, used 37353K [0x0000000702200000, 0x0000000800000000)
  region size 2048K, 3 young (6144K), 3 survivors (6144K)
 Metaspace       used 79420K, committed 80256K, reserved 1179648K
  class space    used 10803K, committed 11136K, reserved 1048576K
}
Event: 277.934 GC heap before
{Heap before GC invocations=21 (full 1):
 garbage-first heap   total 122880K, used 94697K [0x0000000702200000, 0x0000000800000000)
  region size 2048K, 32 young (65536K), 3 survivors (6144K)
 Metaspace       used 79914K, committed 80768K, reserved 1179648K
  class space    used 10828K, committed 11200K, reserved 1048576K
}
Event: 277.987 GC heap after
{Heap after GC invocations=22 (full 2):
 garbage-first heap   total 122880K, used 30922K [0x0000000702200000, 0x0000000800000000)
  region size 2048K, 0 young (0K), 0 survivors (0K)
 Metaspace       used 79912K, committed 80768K, reserved 1179648K
  class space    used 10827K, committed 11200K, reserved 1048576K
}
Event: 278.816 GC heap before
{Heap before GC invocations=22 (full 2):
 garbage-first heap   total 122880K, used 98506K [0x0000000702200000, 0x0000000800000000)
  region size 2048K, 33 young (67584K), 0 survivors (0K)
 Metaspace       used 80360K, committed 81152K, reserved 1179648K
  class space    used 10851K, committed 11200K, reserved 1048576K
}
Event: 278.820 GC heap after
{Heap after GC invocations=23 (full 2):
 garbage-first heap   total 122880K, used 36924K [0x0000000702200000, 0x0000000800000000)
  region size 2048K, 3 young (6144K), 3 survivors (6144K)
 Metaspace       used 80360K, committed 81152K, reserved 1179648K
  class space    used 10851K, committed 11200K, reserved 1048576K
}
Event: 284.122 GC heap before
{Heap before GC invocations=23 (full 2):
 garbage-first heap   total 122880K, used 98364K [0x0000000702200000, 0x0000000800000000)
  region size 2048K, 34 young (69632K), 3 survivors (6144K)
 Metaspace       used 81033K, committed 81920K, reserved 1179648K
  class space    used 10915K, committed 11328K, reserved 1048576K
}
Event: 284.129 GC heap after
{Heap after GC invocations=24 (full 2):
 garbage-first heap   total 122880K, used 40863K [0x0000000702200000, 0x0000000800000000)
  region size 2048K, 3 young (6144K), 3 survivors (6144K)
 Metaspace       used 81033K, committed 81920K, reserved 1179648K
  class space    used 10915K, committed 11328K, reserved 1048576K
}
Event: 284.644 GC heap before
{Heap before GC invocations=24 (full 2):
 garbage-first heap   total 122880K, used 100255K [0x0000000702200000, 0x0000000800000000)
  region size 2048K, 32 young (65536K), 3 survivors (6144K)
 Metaspace       used 81606K, committed 82496K, reserved 1179648K
  class space    used 10946K, committed 11328K, reserved 1048576K
}
Event: 284.650 GC heap after
{Heap after GC invocations=25 (full 2):
 garbage-first heap   total 122880K, used 44116K [0x0000000702200000, 0x0000000800000000)
  region size 2048K, 2 young (4096K), 2 survivors (4096K)
 Metaspace       used 81606K, committed 82496K, reserved 1179648K
  class space    used 10946K, committed 11328K, reserved 1048576K
}
Event: 286.134 GC heap before
{Heap before GC invocations=25 (full 2):
 garbage-first heap   total 122880K, used 56404K [0x0000000702200000, 0x0000000800000000)
  region size 2048K, 9 young (18432K), 2 survivors (4096K)
 Metaspace       used 81619K, committed 82496K, reserved 1179648K
  class space    used 10946K, committed 11328K, reserved 1048576K
}
Event: 286.187 GC heap after
{Heap after GC invocations=26 (full 3):
 garbage-first heap   total 122880K, used 31738K [0x0000000702200000, 0x0000000800000000)
  region size 2048K, 0 young (0K), 0 survivors (0K)
 Metaspace       used 81613K, committed 82496K, reserved 1179648K
  class space    used 10945K, committed 11328K, reserved 1048576K
}
Event: 286.982 GC heap before
{Heap before GC invocations=26 (full 3):
 garbage-first heap   total 122880K, used 101370K [0x0000000702200000, 0x0000000800000000)
  region size 2048K, 34 young (69632K), 0 survivors (0K)
 Metaspace       used 82099K, committed 83008K, reserved 1179648K
  class space    used 10971K, committed 11392K, reserved 1048576K
}
Event: 286.986 GC heap after
{Heap after GC invocations=27 (full 3):
 garbage-first heap   total 122880K, used 37748K [0x0000000702200000, 0x0000000800000000)
  region size 2048K, 3 young (6144K), 3 survivors (6144K)
 Metaspace       used 82099K, committed 83008K, reserved 1179648K
  class space    used 10971K, committed 11392K, reserved 1048576K
}
Event: 433.936 GC heap before
{Heap before GC invocations=27 (full 3):
 garbage-first heap   total 122880K, used 103284K [0x0000000702200000, 0x0000000800000000)
  region size 2048K, 35 young (71680K), 3 survivors (6144K)
 Metaspace       used 82433K, committed 83328K, reserved 1179648K
  class space    used 10991K, committed 11392K, reserved 1048576K
}
Event: 433.944 GC heap after
{Heap after GC invocations=28 (full 3):
 garbage-first heap   total 122880K, used 38797K [0x0000000702200000, 0x0000000800000000)
  region size 2048K, 2 young (4096K), 2 survivors (4096K)
 Metaspace       used 82433K, committed 83328K, reserved 1179648K
  class space    used 10991K, committed 11392K, reserved 1048576K
}
Event: 754.458 GC heap before
{Heap before GC invocations=28 (full 3):
 garbage-first heap   total 122880K, used 65421K [0x0000000702200000, 0x0000000800000000)
  region size 2048K, 16 young (32768K), 2 survivors (4096K)
 Metaspace       used 82724K, committed 83648K, reserved 1179648K
  class space    used 11025K, committed 11392K, reserved 1048576K
}
Event: 754.515 GC heap after
{Heap after GC invocations=29 (full 4):
 garbage-first heap   total 122880K, used 32910K [0x0000000702200000, 0x0000000800000000)
  region size 2048K, 0 young (0K), 0 survivors (0K)
 Metaspace       used 82720K, committed 83648K, reserved 1179648K
  class space    used 11024K, committed 11392K, reserved 1048576K
}

