# JRE version: OpenJDK Runtime Environment Temurin-21.0.8+9 (21.0.8+9) (build 21.0.8+9-LTS)
# Java VM: OpenJDK 64-Bit Server VM Temurin-21.0.8+9 (21.0.8+9-LTS, mixed mode, sharing, tiered, compressed oops, compressed class ptrs, parallel gc, windows-amd64)
GC Precious Log:
 CardTable entry size: 512
 CPUs: 8 total, 8 available
 Memory: 16243M
 Large Page Support: Disabled
 NUMA Support: Disabled
 Compressed Oops: Enabled (32-bit)
 Alignments: Space 512K, Generation 512K, Heap 2M
 Heap Min Capacity: 100M
 Heap Initial Capacity: 100M
 Heap Max Capacity: 2G
 Pre-touch: Disabled
 Parallel Workers: 8
Heap:
 PSYoungGen      total 5120K, used 3111K [0x00000000d5580000, 0x00000000d5c00000, 0x0000000100000000)
  eden space 4096K, 61% used [0x00000000d5580000,0x00000000d57f3448,0x00000000d5980000)
  from space 1024K, 58% used [0x00000000d5b00000,0x00000000d5b96900,0x00000000d5c00000)
  to   space 1024K, 0% used [0x00000000d5a00000,0x00000000d5a00000,0x00000000d5b00000)
 ParOldGen       total 101888K, used 101835K [0x0000000080000000, 0x0000000086380000, 0x00000000d5580000)
  object space 101888K, 99% used [0x0000000080000000,0x0000000086372c20,0x0000000086380000)
 Metaspace       used 71399K, committed 72960K, reserved 1179648K
  class space    used 7401K, committed 8064K, reserved 1048576K
GC Heap History (20 events):
Event: 47.720 GC heap before
{Heap before GC invocations=118 (full 3):
 PSYoungGen      total 5632K, used 5614K [0x00000000d5580000, 0x00000000d5d80000, 0x0000000100000000)
  eden space 4608K, 100% used [0x00000000d5580000,0x00000000d5a00000,0x00000000d5a00000)
  from space 1024K, 98% used [0x00000000d5b80000,0x00000000d5c7ba78,0x00000000d5c80000)
  to   space 1536K, 0% used [0x00000000d5a00000,0x00000000d5a00000,0x00000000d5b80000)
 ParOldGen       total 99328K, used 97043K [0x0000000080000000, 0x0000000086100000, 0x00000000d5580000)
  object space 99328K, 97% used [0x0000000080000000,0x0000000085ec4c98,0x0000000086100000)
 Metaspace       used 70938K, committed 72448K, reserved 1114112K
  class space    used 7377K, committed 8064K, reserved 1048576K
}
Event: 47.723 GC heap after
{Heap after GC invocations=118 (full 3):
 PSYoungGen      total 5120K, used 320K [0x00000000d5580000, 0x00000000d5c00000, 0x0000000100000000)
  eden space 4608K, 0% used [0x00000000d5580000,0x00000000d5580000,0x00000000d5a00000)
  from space 512K, 62% used [0x00000000d5a00000,0x00000000d5a50000,0x00000000d5a80000)
  to   space 1024K, 0% used [0x00000000d5b00000,0x00000000d5b00000,0x00000000d5c00000)
 ParOldGen       total 99328K, used 97956K [0x0000000080000000, 0x0000000086100000, 0x00000000d5580000)
  object space 99328K, 98% used [0x0000000080000000,0x0000000085fa9020,0x0000000086100000)
 Metaspace       used 70938K, committed 72448K, reserved 1114112K
  class space    used 7377K, committed 8064K, reserved 1048576K
}
Event: 47.787 GC heap before
{Heap before GC invocations=119 (full 3):
 PSYoungGen      total 5120K, used 4928K [0x00000000d5580000, 0x00000000d5c00000, 0x0000000100000000)
  eden space 4608K, 100% used [0x00000000d5580000,0x00000000d5a00000,0x00000000d5a00000)
  from space 512K, 62% used [0x00000000d5a00000,0x00000000d5a50000,0x00000000d5a80000)
  to   space 1024K, 0% used [0x00000000d5b00000,0x00000000d5b00000,0x00000000d5c00000)
 ParOldGen       total 99328K, used 97956K [0x0000000080000000, 0x0000000086100000, 0x00000000d5580000)
  object space 99328K, 98% used [0x0000000080000000,0x0000000085fa9020,0x0000000086100000)
 Metaspace       used 70976K, committed 72512K, reserved 1114112K
  class space    used 7379K, committed 8064K, reserved 1048576K
}
Event: 47.788 GC heap after
{Heap after GC invocations=119 (full 3):
 PSYoungGen      total 5120K, used 314K [0x00000000d5580000, 0x00000000d5b80000, 0x0000000100000000)
  eden space 4608K, 0% used [0x00000000d5580000,0x00000000d5580000,0x00000000d5a00000)
  from space 512K, 61% used [0x00000000d5b00000,0x00000000d5b4e900,0x00000000d5b80000)
  to   space 512K, 0% used [0x00000000d5a00000,0x00000000d5a00000,0x00000000d5a80000)
 ParOldGen       total 99328K, used 98236K [0x0000000080000000, 0x0000000086100000, 0x00000000d5580000)
  object space 99328K, 98% used [0x0000000080000000,0x0000000085fef020,0x0000000086100000)
 Metaspace       used 70976K, committed 72512K, reserved 1114112K
  class space    used 7379K, committed 8064K, reserved 1048576K
}
Event: 47.825 GC heap before
{Heap before GC invocations=120 (full 3):
 PSYoungGen      total 5120K, used 4922K [0x00000000d5580000, 0x00000000d5b80000, 0x0000000100000000)
  eden space 4608K, 100% used [0x00000000d5580000,0x00000000d5a00000,0x00000000d5a00000)
  from space 512K, 61% used [0x00000000d5b00000,0x00000000d5b4e900,0x00000000d5b80000)
  to   space 512K, 0% used [0x00000000d5a00000,0x00000000d5a00000,0x00000000d5a80000)
 ParOldGen       total 99328K, used 98236K [0x0000000080000000, 0x0000000086100000, 0x00000000d5580000)
  object space 99328K, 98% used [0x0000000080000000,0x0000000085fef020,0x0000000086100000)
 Metaspace       used 71002K, committed 72512K, reserved 1114112K
  class space    used 7379K, committed 8064K, reserved 1048576K
}
Event: 47.827 GC heap after
{Heap after GC invocations=120 (full 3):
 PSYoungGen      total 5120K, used 462K [0x00000000d5580000, 0x00000000d5b80000, 0x0000000100000000)
  eden space 4608K, 0% used [0x00000000d5580000,0x00000000d5580000,0x00000000d5a00000)
  from space 512K, 90% used [0x00000000d5a00000,0x00000000d5a73828,0x00000000d5a80000)
  to   space 512K, 0% used [0x00000000d5b00000,0x00000000d5b00000,0x00000000d5b80000)
 ParOldGen       total 99328K, used 98428K [0x0000000080000000, 0x0000000086100000, 0x00000000d5580000)
  object space 99328K, 99% used [0x0000000080000000,0x000000008601f020,0x0000000086100000)
 Metaspace       used 71002K, committed 72512K, reserved 1114112K
  class space    used 7379K, committed 8064K, reserved 1048576K
}
Event: 47.868 GC heap before
{Heap before GC invocations=121 (full 3):
 PSYoungGen      total 5120K, used 5070K [0x00000000d5580000, 0x00000000d5b80000, 0x0000000100000000)
  eden space 4608K, 100% used [0x00000000d5580000,0x00000000d5a00000,0x00000000d5a00000)
  from space 512K, 90% used [0x00000000d5a00000,0x00000000d5a73828,0x00000000d5a80000)
  to   space 512K, 0% used [0x00000000d5b00000,0x00000000d5b00000,0x00000000d5b80000)
 ParOldGen       total 99328K, used 98428K [0x0000000080000000, 0x0000000086100000, 0x00000000d5580000)
  object space 99328K, 99% used [0x0000000080000000,0x000000008601f020,0x0000000086100000)
 Metaspace       used 71036K, committed 72576K, reserved 1114112K
  class space    used 7379K, committed 8064K, reserved 1048576K
}
Event: 47.870 GC heap after
{Heap after GC invocations=121 (full 3):
 PSYoungGen      total 4608K, used 506K [0x00000000d5580000, 0x00000000d5d00000, 0x0000000100000000)
  eden space 4096K, 0% used [0x00000000d5580000,0x00000000d5580000,0x00000000d5980000)
  from space 512K, 98% used [0x00000000d5b00000,0x00000000d5b7e900,0x00000000d5b80000)
  to   space 1536K, 0% used [0x00000000d5980000,0x00000000d5980000,0x00000000d5b00000)
 ParOldGen       total 99328K, used 99000K [0x0000000080000000, 0x0000000086100000, 0x00000000d5580000)
  object space 99328K, 99% used [0x0000000080000000,0x00000000860ae230,0x0000000086100000)
 Metaspace       used 71036K, committed 72576K, reserved 1114112K
  class space    used 7379K, committed 8064K, reserved 1048576K
}
Event: 47.896 GC heap before
{Heap before GC invocations=122 (full 3):
 PSYoungGen      total 4608K, used 4602K [0x00000000d5580000, 0x00000000d5d00000, 0x0000000100000000)
  eden space 4096K, 100% used [0x00000000d5580000,0x00000000d5980000,0x00000000d5980000)
  from space 512K, 98% used [0x00000000d5b00000,0x00000000d5b7e900,0x00000000d5b80000)
  to   space 1536K, 0% used [0x00000000d5980000,0x00000000d5980000,0x00000000d5b00000)
 ParOldGen       total 99328K, used 99000K [0x0000000080000000, 0x0000000086100000, 0x00000000d5580000)
  object space 99328K, 99% used [0x0000000080000000,0x00000000860ae230,0x0000000086100000)
 Metaspace       used 71056K, committed 72576K, reserved 1114112K
  class space    used 7379K, committed 8064K, reserved 1048576K
}
Event: 47.898 GC heap after
{Heap after GC invocations=122 (full 3):
 PSYoungGen      total 5120K, used 708K [0x00000000d5580000, 0x00000000d5b80000, 0x0000000100000000)
  eden space 4096K, 0% used [0x00000000d5580000,0x00000000d5580000,0x00000000d5980000)
  from space 1024K, 69% used [0x00000000d5980000,0x00000000d5a31210,0x00000000d5a80000)
  to   space 1024K, 0% used [0x00000000d5a80000,0x00000000d5a80000,0x00000000d5b80000)
 ParOldGen       total 99840K, used 99509K [0x0000000080000000, 0x0000000086180000, 0x00000000d5580000)
  object space 99840K, 99% used [0x0000000080000000,0x000000008612d440,0x0000000086180000)
 Metaspace       used 71056K, committed 72576K, reserved 1114112K
  class space    used 7379K, committed 8064K, reserved 1048576K
}
Event: 47.941 GC heap before
{Heap before GC invocations=123 (full 3):
 PSYoungGen      total 5120K, used 4804K [0x00000000d5580000, 0x00000000d5b80000, 0x0000000100000000)
  eden space 4096K, 100% used [0x00000000d5580000,0x00000000d5980000,0x00000000d5980000)
  from space 1024K, 69% used [0x00000000d5980000,0x00000000d5a31210,0x00000000d5a80000)
  to   space 1024K, 0% used [0x00000000d5a80000,0x00000000d5a80000,0x00000000d5b80000)
 ParOldGen       total 99840K, used 99509K [0x0000000080000000, 0x0000000086180000, 0x00000000d5580000)
  object space 99840K, 99% used [0x0000000080000000,0x000000008612d440,0x0000000086180000)
 Metaspace       used 71088K, committed 72640K, reserved 1114112K
  class space    used 7379K, committed 8064K, reserved 1048576K
}
Event: 47.942 GC heap after
{Heap after GC invocations=123 (full 3):
 PSYoungGen      total 5120K, used 666K [0x00000000d5580000, 0x00000000d5b80000, 0x0000000100000000)
  eden space 4096K, 0% used [0x00000000d5580000,0x00000000d5580000,0x00000000d5980000)
  from space 1024K, 65% used [0x00000000d5a80000,0x00000000d5b26900,0x00000000d5b80000)
  to   space 1024K, 0% used [0x00000000d5980000,0x00000000d5980000,0x00000000d5a80000)
 ParOldGen       total 99840K, used 99653K [0x0000000080000000, 0x0000000086180000, 0x00000000d5580000)
  object space 99840K, 99% used [0x0000000080000000,0x0000000086151440,0x0000000086180000)
 Metaspace       used 71088K, committed 72640K, reserved 1114112K
  class space    used 7379K, committed 8064K, reserved 1048576K
}
Event: 47.993 GC heap before
{Heap before GC invocations=124 (full 3):
 PSYoungGen      total 5120K, used 4762K [0x00000000d5580000, 0x00000000d5b80000, 0x0000000100000000)
  eden space 4096K, 100% used [0x00000000d5580000,0x00000000d5980000,0x00000000d5980000)
  from space 1024K, 65% used [0x00000000d5a80000,0x00000000d5b26900,0x00000000d5b80000)
  to   space 1024K, 0% used [0x00000000d5980000,0x00000000d5980000,0x00000000d5a80000)
 ParOldGen       total 99840K, used 99653K [0x0000000080000000, 0x0000000086180000, 0x00000000d5580000)
  object space 99840K, 99% used [0x0000000080000000,0x0000000086151440,0x0000000086180000)
 Metaspace       used 71098K, committed 72640K, reserved 1114112K
  class space    used 7379K, committed 8064K, reserved 1048576K
}
Event: 47.995 GC heap after
{Heap after GC invocations=124 (full 3):
 PSYoungGen      total 5120K, used 1002K [0x00000000d5580000, 0x00000000d5d80000, 0x0000000100000000)
  eden space 4096K, 0% used [0x00000000d5580000,0x00000000d5580000,0x00000000d5980000)
  from space 1024K, 97% used [0x00000000d5980000,0x00000000d5a7ab48,0x00000000d5a80000)
  to   space 2048K, 0% used [0x00000000d5b80000,0x00000000d5b80000,0x00000000d5d80000)
 ParOldGen       total 100352K, used 100129K [0x0000000080000000, 0x0000000086200000, 0x00000000d5580000)
  object space 100352K, 99% used [0x0000000080000000,0x00000000861c8650,0x0000000086200000)
 Metaspace       used 71098K, committed 72640K, reserved 1114112K
  class space    used 7379K, committed 8064K, reserved 1048576K
}
Event: 48.199 GC heap before
{Heap before GC invocations=125 (full 3):
 PSYoungGen      total 5120K, used 5098K [0x00000000d5580000, 0x00000000d5d80000, 0x0000000100000000)
  eden space 4096K, 100% used [0x00000000d5580000,0x00000000d5980000,0x00000000d5980000)
  from space 1024K, 97% used [0x00000000d5980000,0x00000000d5a7ab48,0x00000000d5a80000)
  to   space 2048K, 0% used [0x00000000d5b80000,0x00000000d5b80000,0x00000000d5d80000)
 ParOldGen       total 100352K, used 100129K [0x0000000080000000, 0x0000000086200000, 0x00000000d5580000)
  object space 100352K, 99% used [0x0000000080000000,0x00000000861c8650,0x0000000086200000)
 Metaspace       used 71114K, committed 72640K, reserved 1114112K
  class space    used 7379K, committed 8064K, reserved 1048576K
}
Event: 48.201 GC heap after
{Heap after GC invocations=125 (full 3):
 PSYoungGen      total 5120K, used 788K [0x00000000d5580000, 0x00000000d5c80000, 0x0000000100000000)
  eden space 4096K, 0% used [0x00000000d5580000,0x00000000d5580000,0x00000000d5980000)
  from space 1024K, 77% used [0x00000000d5b80000,0x00000000d5c45200,0x00000000d5c80000)
  to   space 1536K, 0% used [0x00000000d5980000,0x00000000d5980000,0x00000000d5b00000)
 ParOldGen       total 100864K, used 100806K [0x0000000080000000, 0x0000000086280000, 0x00000000d5580000)
  object space 100864K, 99% used [0x0000000080000000,0x0000000086271a10,0x0000000086280000)
 Metaspace       used 71114K, committed 72640K, reserved 1114112K
  class space    used 7379K, committed 8064K, reserved 1048576K
}
Event: 48.252 GC heap before
{Heap before GC invocations=126 (full 3):
 PSYoungGen      total 5120K, used 4884K [0x00000000d5580000, 0x00000000d5c80000, 0x0000000100000000)
  eden space 4096K, 99% used [0x00000000d5580000,0x00000000d597ffd0,0x00000000d5980000)
  from space 1024K, 77% used [0x00000000d5b80000,0x00000000d5c45200,0x00000000d5c80000)
  to   space 1536K, 0% used [0x00000000d5980000,0x00000000d5980000,0x00000000d5b00000)
 ParOldGen       total 100864K, used 100806K [0x0000000080000000, 0x0000000086280000, 0x00000000d5580000)
  object space 100864K, 99% used [0x0000000080000000,0x0000000086271a10,0x0000000086280000)
 Metaspace       used 71133K, committed 72640K, reserved 1114112K
  class space    used 7379K, committed 8064K, reserved 1048576K
}
Event: 48.254 GC heap after
{Heap after GC invocations=126 (full 3):
 PSYoungGen      total 5632K, used 464K [0x00000000d5580000, 0x00000000d5c00000, 0x0000000100000000)
  eden space 4096K, 0% used [0x00000000d5580000,0x00000000d5580000,0x00000000d5980000)
  from space 1536K, 30% used [0x00000000d5980000,0x00000000d59f4010,0x00000000d5b00000)
  to   space 1024K, 0% used [0x00000000d5b00000,0x00000000d5b00000,0x00000000d5c00000)
 ParOldGen       total 101888K, used 101443K [0x0000000080000000, 0x0000000086380000, 0x00000000d5580000)
  object space 101888K, 99% used [0x0000000080000000,0x0000000086310c20,0x0000000086380000)
 Metaspace       used 71133K, committed 72640K, reserved 1114112K
  class space    used 7379K, committed 8064K, reserved 1048576K
}
Event: 48.284 GC heap before
{Heap before GC invocations=127 (full 3):
 PSYoungGen      total 5632K, used 4560K [0x00000000d5580000, 0x00000000d5c00000, 0x0000000100000000)
  eden space 4096K, 100% used [0x00000000d5580000,0x00000000d5980000,0x00000000d5980000)
  from space 1536K, 30% used [0x00000000d5980000,0x00000000d59f4010,0x00000000d5b00000)
  to   space 1024K, 0% used [0x00000000d5b00000,0x00000000d5b00000,0x00000000d5c00000)
 ParOldGen       total 101888K, used 101443K [0x0000000080000000, 0x0000000086380000, 0x00000000d5580000)
  object space 101888K, 99% used [0x0000000080000000,0x0000000086310c20,0x0000000086380000)
 Metaspace       used 71147K, committed 72704K, reserved 1179648K
  class space    used 7379K, committed 8064K, reserved 1048576K
}
Event: 48.286 GC heap after
{Heap after GC invocations=127 (full 3):
 PSYoungGen      total 5120K, used 602K [0x00000000d5580000, 0x00000000d5c00000, 0x0000000100000000)
  eden space 4096K, 0% used [0x00000000d5580000,0x00000000d5580000,0x00000000d5980000)
  from space 1024K, 58% used [0x00000000d5b00000,0x00000000d5b96900,0x00000000d5c00000)
  to   space 1024K, 0% used [0x00000000d5a00000,0x00000000d5a00000,0x00000000d5b00000)
 ParOldGen       total 101888K, used 101835K [0x0000000080000000, 0x0000000086380000, 0x00000000d5580000)
  object space 101888K, 99% used [0x0000000080000000,0x0000000086372c20,0x0000000086380000)
 Metaspace       used 71147K, committed 72704K, reserved 1179648K
  class space    used 7379K, committed 8064K, reserved 1048576K
}

